<?xml version="1.0" encoding="UTF-8"?>
<!-- Generated by org.testng.reporters.JUnitReportReporter -->
<testsuite hostname="NJN8GVZ1" name="demo.model.integrationtests.RunnerIntegrationTest" tests="1" failures="0" timestamp="8 Nov 2017 12:04:09 GMT" time="4.664" errors="0">
  <testcase name="feature" time="4.664" classname="demo.model.integrationtests.RunnerIntegrationTest"/>
</testsuite> <!-- demo.model.integrationtests.RunnerIntegrationTest -->
